<?xml version="1.0" encoding="UTF-8"?>
<testng-results ignored="0" total="1" passed="1" failed="0" skipped="0">
  <reporter-output>
  </reporter-output>
  <suite started-at="2023-04-13T14:36:52 IST" name="Suite" finished-at="2023-04-13T14:37:18 IST" duration-ms="25965">
    <groups>
    </groups>
    <test started-at="2023-04-13T14:36:52 IST" name="Test" finished-at="2023-04-13T14:37:18 IST" duration-ms="25965">
      <class name="Maven.First_program">
        <test-method signature="script()[pri:0, instance:Maven.First_program@6da21078]" started-at="2023-04-13T14:36:52 IST" name="script" finished-at="2023-04-13T14:37:18 IST" duration-ms="25725" status="PASS">
          <reporter-output>
          </reporter-output>
        </test-method> <!-- script -->
      </class> <!-- Maven.First_program -->
    </test> <!-- Test -->
  </suite> <!-- Suite -->
</testng-results>
